<?xml version="1.0" encoding="UTF-8"?>
<!-- Generated by org.testng.reporters.JUnitReportReporter -->
<testsuite hostname="kevins-iMac.local" name="com.netease.qa.testng.demo.SuccessTest" tests="1" failures="0" timestamp="26 Dec 2013 09:22:56 GMT" time="0.001" errors="0">
  <testcase name="testSuccess" time="0.001" classname="com.netease.qa.testng.demo.SuccessTest"/>
</testsuite> <!-- com.netease.qa.testng.demo.SuccessTest -->
